This is pdfTeX, Version 3.14159265-2.6-1.40.16 (TeX Live 2015) (preloaded format=pdflatex 2016.5.24)  4 DEC 2017 02:52
entering extended mode
 restricted \write18 enabled.
 %&-line parsing enabled.
**main.tex
(./main.tex
LaTeX2e <2015/01/01>
Babel <3.9l> and hyphenation patterns for 79 languages loaded.
(./tesiinfo.cls
Document Class: tesiinfo 2008/02/06 v0.1b Standard per le Tesi in Ingegneria In
formatica -- Università degli Studi dell'Aquila by Gianlorenzo D'Angelo & Mauro
 Felice
(/usr/local/texlive/2015/texmf-dist/tex/latex/graphics/graphicx.sty
Package: graphicx 2014/10/28 v1.0g Enhanced LaTeX Graphics (DPC,SPQR)

(/usr/local/texlive/2015/texmf-dist/tex/latex/graphics/keyval.sty
Package: keyval 2014/10/28 v1.15 key=value parser (DPC)
\KV@toks@=\toks14
)
(/usr/local/texlive/2015/texmf-dist/tex/latex/graphics/graphics.sty
Package: graphics 2014/10/28 v1.0p Standard LaTeX Graphics (DPC,SPQR)

(/usr/local/texlive/2015/texmf-dist/tex/latex/graphics/trig.sty
Package: trig 1999/03/16 v1.09 sin cos tan (DPC)
)
(/usr/local/texlive/2015/texmf-dist/tex/latex/latexconfig/graphics.cfg
File: graphics.cfg 2010/04/23 v1.9 graphics configuration of TeX Live
)
Package graphics Info: Driver file: pdftex.def on input line 94.

(/usr/local/texlive/2015/texmf-dist/tex/latex/pdftex-def/pdftex.def
File: pdftex.def 2011/05/27 v0.06d Graphics/color for pdfTeX

(/usr/local/texlive/2015/texmf-dist/tex/generic/oberdiek/infwarerr.sty
Package: infwarerr 2010/04/08 v1.3 Providing info/warning/error messages (HO)
)
(/usr/local/texlive/2015/texmf-dist/tex/generic/oberdiek/ltxcmds.sty
Package: ltxcmds 2011/11/09 v1.22 LaTeX kernel commands for general use (HO)
)
\Gread@gobject=\count79
))
\Gin@req@height=\dimen102
\Gin@req@width=\dimen103
)
(/usr/local/texlive/2015/texmf-dist/tex/latex/base/report.cls
Document Class: report 2014/09/29 v1.4h Standard LaTeX document class
(/usr/local/texlive/2015/texmf-dist/tex/latex/base/size12.clo
File: size12.clo 2014/09/29 v1.4h Standard LaTeX file (size option)
)
\c@part=\count80
\c@chapter=\count81
\c@section=\count82
\c@subsection=\count83
\c@subsubsection=\count84
\c@paragraph=\count85
\c@subparagraph=\count86
\c@figure=\count87
\c@table=\count88
\abovecaptionskip=\skip41
\belowcaptionskip=\skip42
\bibindent=\dimen104
)
\linea=\skip43
\@abhdskip=\skip44
 (./fncychap.sty
Package: fncychap 2004/09/21 v1.33 LaTeX package (Revised chapters)
\RW=\skip45
\mylen=\skip46
\myhi=\skip47
\px=\skip48
\py=\skip49
\pyy=\skip50
\pxx=\skip51
)) (/usr/local/texlive/2015/texmf-dist/tex/latex/amsfonts/amsfonts.sty
Package: amsfonts 2013/01/14 v3.01 Basic AMSFonts support
\@emptytoks=\toks15
\symAMSa=\mathgroup4
\symAMSb=\mathgroup5
LaTeX Font Info:    Overwriting math alphabet `\mathfrak' in version `bold'
(Font)                  U/euf/m/n --> U/euf/b/n on input line 106.
)
(/usr/local/texlive/2015/texmf-dist/tex/latex/amsmath/amsmath.sty
Package: amsmath 2013/01/14 v2.14 AMS math features
\@mathmargin=\skip52

For additional information on amsmath, use the `?' option.
(/usr/local/texlive/2015/texmf-dist/tex/latex/amsmath/amstext.sty
Package: amstext 2000/06/29 v2.01

(/usr/local/texlive/2015/texmf-dist/tex/latex/amsmath/amsgen.sty
File: amsgen.sty 1999/11/30 v2.0
\@emptytoks=\toks16
\ex@=\dimen105
))
(/usr/local/texlive/2015/texmf-dist/tex/latex/amsmath/amsbsy.sty
Package: amsbsy 1999/11/29 v1.2d
\pmbraise@=\dimen106
)
(/usr/local/texlive/2015/texmf-dist/tex/latex/amsmath/amsopn.sty
Package: amsopn 1999/12/14 v2.01 operator names
)
\inf@bad=\count89
LaTeX Info: Redefining \frac on input line 210.
\uproot@=\count90
\leftroot@=\count91
LaTeX Info: Redefining \overline on input line 306.
\classnum@=\count92
\DOTSCASE@=\count93
LaTeX Info: Redefining \ldots on input line 378.
LaTeX Info: Redefining \dots on input line 381.
LaTeX Info: Redefining \cdots on input line 466.
\Mathstrutbox@=\box26
\strutbox@=\box27
\big@size=\dimen107
LaTeX Font Info:    Redeclaring font encoding OML on input line 566.
LaTeX Font Info:    Redeclaring font encoding OMS on input line 567.
\macc@depth=\count94
\c@MaxMatrixCols=\count95
\dotsspace@=\muskip10
\c@parentequation=\count96
\dspbrk@lvl=\count97
\tag@help=\toks17
\row@=\count98
\column@=\count99
\maxfields@=\count100
\andhelp@=\toks18
\eqnshift@=\dimen108
\alignsep@=\dimen109
\tagshift@=\dimen110
\tagwidth@=\dimen111
\totwidth@=\dimen112
\lineht@=\dimen113
\@envbody=\toks19
\multlinegap=\skip53
\multlinetaggap=\skip54
\mathdisplay@stack=\toks20
LaTeX Info: Redefining \[ on input line 2665.
LaTeX Info: Redefining \] on input line 2666.
)
(/usr/local/texlive/2015/texmf-dist/tex/latex/base/latexsym.sty
Package: latexsym 1998/08/17 v2.2e Standard LaTeX package (lasy symbols)
\symlasy=\mathgroup6
LaTeX Font Info:    Overwriting symbol font `lasy' in version `bold'
(Font)                  U/lasy/m/n --> U/lasy/b/n on input line 52.
)
(/usr/local/texlive/2015/texmf-dist/tex/latex/tools/tabularx.sty
Package: tabularx 2014/10/28 v2.10 `tabularx' package (DPC)

(/usr/local/texlive/2015/texmf-dist/tex/latex/tools/array.sty
Package: array 2014/10/28 v2.4c Tabular extension package (FMi)
\col@sep=\dimen114
\extrarowheight=\dimen115
\NC@list=\toks21
\extratabsurround=\skip55
\backup@length=\skip56
)
\TX@col@width=\dimen116
\TX@old@table=\dimen117
\TX@old@col=\dimen118
\TX@target=\dimen119
\TX@delta=\dimen120
\TX@cols=\count101
\TX@ftn=\toks22
)
(/usr/local/texlive/2015/texmf-dist/tex/generic/babel/babel.sty
Package: babel 2014/09/25 3.9l The Babel package

(/usr/local/texlive/2015/texmf-dist/tex/generic/babel-italian/italian.ldf
Language: italian 2015/03/26 v1.3n Italian support from the babel system

(/usr/local/texlive/2015/texmf-dist/tex/generic/babel/babel.def
File: babel.def 2014/09/25 3.9l Babel common definitions
\babel@savecnt=\count102
\U@D=\dimen121
)
\it@lettering=\count103
\it@doublequoteactive=\count104
\it@ISOcompliance=\count105
))
(/usr/local/texlive/2015/texmf-dist/tex/latex/etoolbox/etoolbox.sty
Package: etoolbox 2015/05/04 v2.2 e-TeX tools for LaTeX (JAW)
\etb@tempcnta=\count106
)
(/usr/local/texlive/2015/texmf-dist/tex/latex/base/inputenc.sty
Package: inputenc 2015/03/17 v1.2c Input encoding file
\inpenc@prehook=\toks23
\inpenc@posthook=\toks24

(/usr/local/texlive/2015/texmf-dist/tex/latex/base/utf8.def
File: utf8.def 2014/09/29 v1.1m UTF-8 support for inputenc
Now handling font encoding OML ...
... no UTF-8 mapping file for font encoding OML
Now handling font encoding T1 ...
... processing UTF-8 mapping file for font encoding T1

(/usr/local/texlive/2015/texmf-dist/tex/latex/base/t1enc.dfu
File: t1enc.dfu 2014/09/29 v1.1m UTF-8 support for inputenc
   defining Unicode char U+00A1 (decimal 161)
   defining Unicode char U+00A3 (decimal 163)
   defining Unicode char U+00AB (decimal 171)
   defining Unicode char U+00BB (decimal 187)
   defining Unicode char U+00BF (decimal 191)
   defining Unicode char U+00C0 (decimal 192)
   defining Unicode char U+00C1 (decimal 193)
   defining Unicode char U+00C2 (decimal 194)
   defining Unicode char U+00C3 (decimal 195)
   defining Unicode char U+00C4 (decimal 196)
   defining Unicode char U+00C5 (decimal 197)
   defining Unicode char U+00C6 (decimal 198)
   defining Unicode char U+00C7 (decimal 199)
   defining Unicode char U+00C8 (decimal 200)
   defining Unicode char U+00C9 (decimal 201)
   defining Unicode char U+00CA (decimal 202)
   defining Unicode char U+00CB (decimal 203)
   defining Unicode char U+00CC (decimal 204)
   defining Unicode char U+00CD (decimal 205)
   defining Unicode char U+00CE (decimal 206)
   defining Unicode char U+00CF (decimal 207)
   defining Unicode char U+00D0 (decimal 208)
   defining Unicode char U+00D1 (decimal 209)
   defining Unicode char U+00D2 (decimal 210)
   defining Unicode char U+00D3 (decimal 211)
   defining Unicode char U+00D4 (decimal 212)
   defining Unicode char U+00D5 (decimal 213)
   defining Unicode char U+00D6 (decimal 214)
   defining Unicode char U+00D8 (decimal 216)
   defining Unicode char U+00D9 (decimal 217)
   defining Unicode char U+00DA (decimal 218)
   defining Unicode char U+00DB (decimal 219)
   defining Unicode char U+00DC (decimal 220)
   defining Unicode char U+00DD (decimal 221)
   defining Unicode char U+00DE (decimal 222)
   defining Unicode char U+00DF (decimal 223)
   defining Unicode char U+00E0 (decimal 224)
   defining Unicode char U+00E1 (decimal 225)
   defining Unicode char U+00E2 (decimal 226)
   defining Unicode char U+00E3 (decimal 227)
   defining Unicode char U+00E4 (decimal 228)
   defining Unicode char U+00E5 (decimal 229)
   defining Unicode char U+00E6 (decimal 230)
   defining Unicode char U+00E7 (decimal 231)
   defining Unicode char U+00E8 (decimal 232)
   defining Unicode char U+00E9 (decimal 233)
   defining Unicode char U+00EA (decimal 234)
   defining Unicode char U+00EB (decimal 235)
   defining Unicode char U+00EC (decimal 236)
   defining Unicode char U+00ED (decimal 237)
   defining Unicode char U+00EE (decimal 238)
   defining Unicode char U+00EF (decimal 239)
   defining Unicode char U+00F0 (decimal 240)
   defining Unicode char U+00F1 (decimal 241)
   defining Unicode char U+00F2 (decimal 242)
   defining Unicode char U+00F3 (decimal 243)
   defining Unicode char U+00F4 (decimal 244)
   defining Unicode char U+00F5 (decimal 245)
   defining Unicode char U+00F6 (decimal 246)
   defining Unicode char U+00F8 (decimal 248)
   defining Unicode char U+00F9 (decimal 249)
   defining Unicode char U+00FA (decimal 250)
   defining Unicode char U+00FB (decimal 251)
   defining Unicode char U+00FC (decimal 252)
   defining Unicode char U+00FD (decimal 253)
   defining Unicode char U+00FE (decimal 254)
   defining Unicode char U+00FF (decimal 255)
   defining Unicode char U+0102 (decimal 258)
   defining Unicode char U+0103 (decimal 259)
   defining Unicode char U+0104 (decimal 260)
   defining Unicode char U+0105 (decimal 261)
   defining Unicode char U+0106 (decimal 262)
   defining Unicode char U+0107 (decimal 263)
   defining Unicode char U+010C (decimal 268)
   defining Unicode char U+010D (decimal 269)
   defining Unicode char U+010E (decimal 270)
   defining Unicode char U+010F (decimal 271)
   defining Unicode char U+0110 (decimal 272)
   defining Unicode char U+0111 (decimal 273)
   defining Unicode char U+0118 (decimal 280)
   defining Unicode char U+0119 (decimal 281)
   defining Unicode char U+011A (decimal 282)
   defining Unicode char U+011B (decimal 283)
   defining Unicode char U+011E (decimal 286)
   defining Unicode char U+011F (decimal 287)
   defining Unicode char U+0130 (decimal 304)
   defining Unicode char U+0131 (decimal 305)
   defining Unicode char U+0132 (decimal 306)
   defining Unicode char U+0133 (decimal 307)
   defining Unicode char U+0139 (decimal 313)
   defining Unicode char U+013A (decimal 314)
   defining Unicode char U+013D (decimal 317)
   defining Unicode char U+013E (decimal 318)
   defining Unicode char U+0141 (decimal 321)
   defining Unicode char U+0142 (decimal 322)
   defining Unicode char U+0143 (decimal 323)
   defining Unicode char U+0144 (decimal 324)
   defining Unicode char U+0147 (decimal 327)
   defining Unicode char U+0148 (decimal 328)
   defining Unicode char U+014A (decimal 330)
   defining Unicode char U+014B (decimal 331)
   defining Unicode char U+0150 (decimal 336)
   defining Unicode char U+0151 (decimal 337)
   defining Unicode char U+0152 (decimal 338)
   defining Unicode char U+0153 (decimal 339)
   defining Unicode char U+0154 (decimal 340)
   defining Unicode char U+0155 (decimal 341)
   defining Unicode char U+0158 (decimal 344)
   defining Unicode char U+0159 (decimal 345)
   defining Unicode char U+015A (decimal 346)
   defining Unicode char U+015B (decimal 347)
   defining Unicode char U+015E (decimal 350)
   defining Unicode char U+015F (decimal 351)
   defining Unicode char U+0160 (decimal 352)
   defining Unicode char U+0161 (decimal 353)
   defining Unicode char U+0162 (decimal 354)
   defining Unicode char U+0163 (decimal 355)
   defining Unicode char U+0164 (decimal 356)
   defining Unicode char U+0165 (decimal 357)
   defining Unicode char U+016E (decimal 366)
   defining Unicode char U+016F (decimal 367)
   defining Unicode char U+0170 (decimal 368)
   defining Unicode char U+0171 (decimal 369)
   defining Unicode char U+0178 (decimal 376)
   defining Unicode char U+0179 (decimal 377)
   defining Unicode char U+017A (decimal 378)
   defining Unicode char U+017B (decimal 379)
   defining Unicode char U+017C (decimal 380)
   defining Unicode char U+017D (decimal 381)
   defining Unicode char U+017E (decimal 382)
   defining Unicode char U+200C (decimal 8204)
   defining Unicode char U+2013 (decimal 8211)
   defining Unicode char U+2014 (decimal 8212)
   defining Unicode char U+2018 (decimal 8216)
   defining Unicode char U+2019 (decimal 8217)
   defining Unicode char U+201A (decimal 8218)
   defining Unicode char U+201C (decimal 8220)
   defining Unicode char U+201D (decimal 8221)
   defining Unicode char U+201E (decimal 8222)
   defining Unicode char U+2030 (decimal 8240)
   defining Unicode char U+2031 (decimal 8241)
   defining Unicode char U+2039 (decimal 8249)
   defining Unicode char U+203A (decimal 8250)
   defining Unicode char U+2423 (decimal 9251)
)
Now handling font encoding OT1 ...
... processing UTF-8 mapping file for font encoding OT1

(/usr/local/texlive/2015/texmf-dist/tex/latex/base/ot1enc.dfu
File: ot1enc.dfu 2014/09/29 v1.1m UTF-8 support for inputenc
   defining Unicode char U+00A1 (decimal 161)
   defining Unicode char U+00A3 (decimal 163)
   defining Unicode char U+00B8 (decimal 184)
   defining Unicode char U+00BF (decimal 191)
   defining Unicode char U+00C5 (decimal 197)
   defining Unicode char U+00C6 (decimal 198)
   defining Unicode char U+00D8 (decimal 216)
   defining Unicode char U+00DF (decimal 223)
   defining Unicode char U+00E6 (decimal 230)
   defining Unicode char U+00EC (decimal 236)
   defining Unicode char U+00ED (decimal 237)
   defining Unicode char U+00EE (decimal 238)
   defining Unicode char U+00EF (decimal 239)
   defining Unicode char U+00F8 (decimal 248)
   defining Unicode char U+0131 (decimal 305)
   defining Unicode char U+0141 (decimal 321)
   defining Unicode char U+0142 (decimal 322)
   defining Unicode char U+0152 (decimal 338)
   defining Unicode char U+0153 (decimal 339)
   defining Unicode char U+2013 (decimal 8211)
   defining Unicode char U+2014 (decimal 8212)
   defining Unicode char U+2018 (decimal 8216)
   defining Unicode char U+2019 (decimal 8217)
   defining Unicode char U+201C (decimal 8220)
   defining Unicode char U+201D (decimal 8221)
)
Now handling font encoding OMS ...
... processing UTF-8 mapping file for font encoding OMS

(/usr/local/texlive/2015/texmf-dist/tex/latex/base/omsenc.dfu
File: omsenc.dfu 2014/09/29 v1.1m UTF-8 support for inputenc
   defining Unicode char U+00A7 (decimal 167)
   defining Unicode char U+00B6 (decimal 182)
   defining Unicode char U+00B7 (decimal 183)
   defining Unicode char U+2020 (decimal 8224)
   defining Unicode char U+2021 (decimal 8225)
   defining Unicode char U+2022 (decimal 8226)
)
Now handling font encoding OMX ...
... no UTF-8 mapping file for font encoding OMX
Now handling font encoding U ...
... no UTF-8 mapping file for font encoding U
   defining Unicode char U+00A9 (decimal 169)
   defining Unicode char U+00AA (decimal 170)
   defining Unicode char U+00AE (decimal 174)
   defining Unicode char U+00BA (decimal 186)
   defining Unicode char U+02C6 (decimal 710)
   defining Unicode char U+02DC (decimal 732)
   defining Unicode char U+200C (decimal 8204)
   defining Unicode char U+2026 (decimal 8230)
   defining Unicode char U+2122 (decimal 8482)
   defining Unicode char U+2423 (decimal 9251)
))
(/usr/local/texlive/2015/texmf-dist/tex/latex/caption/caption.sty
Package: caption 2013/05/02 v3.3-89 Customizing captions (AR)

(/usr/local/texlive/2015/texmf-dist/tex/latex/caption/caption3.sty
Package: caption3 2013/05/02 v1.6-88 caption3 kernel (AR)
Package caption3 Info: TeX engine: e-TeX on input line 57.
\captionmargin=\dimen122
\captionmargin@=\dimen123
\captionwidth=\dimen124
\caption@tempdima=\dimen125
\caption@indent=\dimen126
\caption@parindent=\dimen127
\caption@hangindent=\dimen128
)
\c@ContinuedFloat=\count107
)
(/usr/local/texlive/2015/texmf-dist/tex/latex/subfigure/subfigure.sty
Package: subfigure 2002/03/15 v2.1.5 subfigure package
\subfigtopskip=\skip57
\subfigcapskip=\skip58
\subfigcaptopadj=\dimen129
\subfigbottomskip=\skip59
\subfigcapmargin=\dimen130
\subfiglabelskip=\skip60
\c@subfigure=\count108
\c@lofdepth=\count109
\c@subtable=\count110
\c@lotdepth=\count111

****************************************
* Local config file subfigure.cfg used *
****************************************
(/usr/local/texlive/2015/texmf-dist/tex/latex/subfigure/subfigure.cfg)
\subfig@top=\skip61
\subfig@bottom=\skip62
)
(/usr/local/texlive/2015/texmf-dist/tex/latex/hyperref/hyperref.sty
Package: hyperref 2012/11/06 v6.83m Hypertext links for LaTeX

(/usr/local/texlive/2015/texmf-dist/tex/generic/oberdiek/hobsub-hyperref.sty
Package: hobsub-hyperref 2012/05/28 v1.13 Bundle oberdiek, subset hyperref (HO)


(/usr/local/texlive/2015/texmf-dist/tex/generic/oberdiek/hobsub-generic.sty
Package: hobsub-generic 2012/05/28 v1.13 Bundle oberdiek, subset generic (HO)
Package: hobsub 2012/05/28 v1.13 Construct package bundles (HO)
Package hobsub Info: Skipping package `infwarerr' (already loaded).
Package hobsub Info: Skipping package `ltxcmds' (already loaded).
Package: ifluatex 2010/03/01 v1.3 Provides the ifluatex switch (HO)
Package ifluatex Info: LuaTeX not detected.
Package: ifvtex 2010/03/01 v1.5 Detect VTeX and its facilities (HO)
Package ifvtex Info: VTeX not detected.
Package: intcalc 2007/09/27 v1.1 Expandable calculations with integers (HO)
Package: ifpdf 2011/01/30 v2.3 Provides the ifpdf switch (HO)
Package ifpdf Info: pdfTeX in PDF mode is detected.
Package: etexcmds 2011/02/16 v1.5 Avoid name clashes with e-TeX commands (HO)
Package etexcmds Info: Could not find \expanded.
(etexcmds)             That can mean that you are not using pdfTeX 1.50 or
(etexcmds)             that some package has redefined \expanded.
(etexcmds)             In the latter case, load this package earlier.
Package: kvsetkeys 2012/04/25 v1.16 Key value parser (HO)
Package: kvdefinekeys 2011/04/07 v1.3 Define keys (HO)
Package: pdftexcmds 2011/11/29 v0.20 Utility functions of pdfTeX for LuaTeX (HO
)
Package pdftexcmds Info: LuaTeX not detected.
Package pdftexcmds Info: \pdf@primitive is available.
Package pdftexcmds Info: \pdf@ifprimitive is available.
Package pdftexcmds Info: \pdfdraftmode found.
Package: pdfescape 2011/11/25 v1.13 Implements pdfTeX's escape features (HO)
Package: bigintcalc 2012/04/08 v1.3 Expandable calculations on big integers (HO
)
Package: bitset 2011/01/30 v1.1 Handle bit-vector datatype (HO)
Package: uniquecounter 2011/01/30 v1.2 Provide unlimited unique counter (HO)
)
Package hobsub Info: Skipping package `hobsub' (already loaded).
Package: letltxmacro 2010/09/02 v1.4 Let assignment for LaTeX macros (HO)
Package: hopatch 2012/05/28 v1.2 Wrapper for package hooks (HO)
Package: xcolor-patch 2011/01/30 xcolor patch
Package: atveryend 2011/06/30 v1.8 Hooks at the very end of document (HO)
Package: atbegshi 2011/10/05 v1.16 At begin shipout hook (HO)
Package: refcount 2011/10/16 v3.4 Data extraction from label references (HO)
Package: hycolor 2011/01/30 v1.7 Color options for hyperref/bookmark (HO)
)
(/usr/local/texlive/2015/texmf-dist/tex/generic/ifxetex/ifxetex.sty
Package: ifxetex 2010/09/12 v0.6 Provides ifxetex conditional
)
(/usr/local/texlive/2015/texmf-dist/tex/latex/oberdiek/auxhook.sty
Package: auxhook 2011/03/04 v1.3 Hooks for auxiliary files (HO)
)
(/usr/local/texlive/2015/texmf-dist/tex/latex/oberdiek/kvoptions.sty
Package: kvoptions 2011/06/30 v3.11 Key value format for package options (HO)
)
\@linkdim=\dimen131
\Hy@linkcounter=\count112
\Hy@pagecounter=\count113

(/usr/local/texlive/2015/texmf-dist/tex/latex/hyperref/pd1enc.def
File: pd1enc.def 2012/11/06 v6.83m Hyperref: PDFDocEncoding definition (HO)
Now handling font encoding PD1 ...
... no UTF-8 mapping file for font encoding PD1
)
\Hy@SavedSpaceFactor=\count114

(/usr/local/texlive/2015/texmf-dist/tex/latex/latexconfig/hyperref.cfg
File: hyperref.cfg 2002/06/06 v1.2 hyperref configuration of TeXLive
)
Package hyperref Info: Option `bookmarks' set `true' on input line 4319.
Package hyperref Info: Hyper figures OFF on input line 4443.
Package hyperref Info: Link nesting OFF on input line 4448.
Package hyperref Info: Hyper index ON on input line 4451.
Package hyperref Info: Plain pages OFF on input line 4458.
Package hyperref Info: Backreferencing OFF on input line 4463.
Package hyperref Info: Implicit mode ON; LaTeX internals redefined.
Package hyperref Info: Bookmarks ON on input line 4688.
\c@Hy@tempcnt=\count115

(/usr/local/texlive/2015/texmf-dist/tex/latex/url/url.sty
\Urlmuskip=\muskip11
Package: url 2013/09/16  ver 3.4  Verb mode for urls, etc.
)
LaTeX Info: Redefining \url on input line 5041.
\XeTeXLinkMargin=\dimen132
\Fld@menulength=\count116
\Field@Width=\dimen133
\Fld@charsize=\dimen134
Package hyperref Info: Hyper figures OFF on input line 6295.
Package hyperref Info: Link nesting OFF on input line 6300.
Package hyperref Info: Hyper index ON on input line 6303.
Package hyperref Info: backreferencing OFF on input line 6310.
Package hyperref Info: Link coloring OFF on input line 6315.
Package hyperref Info: Link coloring with OCG OFF on input line 6320.
Package hyperref Info: PDF/A mode OFF on input line 6325.
LaTeX Info: Redefining \ref on input line 6365.
LaTeX Info: Redefining \pageref on input line 6369.
\Hy@abspage=\count117
\c@Item=\count118
\c@Hfootnote=\count119
)

Package hyperref Message: Driver (autodetected): hpdftex.

(/usr/local/texlive/2015/texmf-dist/tex/latex/hyperref/hpdftex.def
File: hpdftex.def 2012/11/06 v6.83m Hyperref driver for pdfTeX
\Fld@listcount=\count120
\c@bookmark@seq@number=\count121

(/usr/local/texlive/2015/texmf-dist/tex/latex/oberdiek/rerunfilecheck.sty
Package: rerunfilecheck 2011/04/15 v1.7 Rerun checks for auxiliary files (HO)
Package uniquecounter Info: New unique counter `rerunfilecheck' on input line 2
82.
)
\Hy@SectionHShift=\skip63
)
(/usr/local/texlive/2015/texmf-dist/tex/latex/tools/multicol.sty
Package: multicol 2015/03/31 v1.8m multicolumn formatting (FMi)
\c@tracingmulticols=\count122
\mult@box=\box28
\multicol@leftmargin=\dimen135
\c@unbalance=\count123
\c@collectmore=\count124
\doublecol@number=\count125
\multicoltolerance=\count126
\multicolpretolerance=\count127
\full@width=\dimen136
\page@free=\dimen137
\premulticols=\dimen138
\postmulticols=\dimen139
\multicolsep=\skip64
\multicolbaselineskip=\skip65
\partial@page=\box29
\last@line=\box30
\maxbalancingoverflow=\dimen140
\mult@rightbox=\box31
\mult@grightbox=\box32
\mult@gfirstbox=\box33
\mult@firstbox=\box34
\@tempa=\box35
\@tempa=\box36
\@tempa=\box37
\@tempa=\box38
\@tempa=\box39
\@tempa=\box40
\@tempa=\box41
\@tempa=\box42
\@tempa=\box43
\@tempa=\box44
\@tempa=\box45
\@tempa=\box46
\@tempa=\box47
\@tempa=\box48
\@tempa=\box49
\@tempa=\box50
\@tempa=\box51
\c@columnbadness=\count128
\c@finalcolumnbadness=\count129
\last@try=\dimen141
\multicolovershoot=\dimen142
\multicolundershoot=\dimen143
\mult@nat@firstbox=\box52
\colbreak@box=\box53
\mc@col@check@num=\count130
)
(/usr/local/texlive/2015/texmf-dist/tex/latex/cite/cite.sty
LaTeX Info: Redefining \cite on input line 302.
LaTeX Info: Redefining \nocite on input line 332.
Package: cite 2015/02/27  v 5.5
)
(/usr/local/texlive/2015/texmf-dist/tex/latex/listings/listings.sty
\lst@mode=\count131
\lst@gtempboxa=\box54
\lst@token=\toks25
\lst@length=\count132
\lst@currlwidth=\dimen144
\lst@column=\count133
\lst@pos=\count134
\lst@lostspace=\dimen145
\lst@width=\dimen146
\lst@newlines=\count135
\lst@lineno=\count136
\lst@maxwidth=\dimen147

(/usr/local/texlive/2015/texmf-dist/tex/latex/listings/lstmisc.sty
File: lstmisc.sty 2014/09/06 1.5e (Carsten Heinz)
\c@lstnumber=\count137
\lst@skipnumbers=\count138
\lst@framebox=\box55
)
(/usr/local/texlive/2015/texmf-dist/tex/latex/listings/listings.cfg
File: listings.cfg 2014/09/06 1.5e listings configuration
))
Package: listings 2014/09/06 1.5e (Carsten Heinz)

(./progrLang.sty
(/usr/local/texlive/2015/texmf-dist/tex/latex/xcolor/xcolor.sty
Package: xcolor 2007/01/21 v2.11 LaTeX color extensions (UK)

(/usr/local/texlive/2015/texmf-dist/tex/latex/latexconfig/color.cfg
File: color.cfg 2007/01/18 v1.5 color configuration of teTeX/TeXLive
)
Package xcolor Info: Driver file: pdftex.def on input line 225.
Package xcolor Info: Model `cmy' substituted by `cmy0' on input line 1337.
Package xcolor Info: Model `hsb' substituted by `rgb' on input line 1341.
Package xcolor Info: Model `RGB' extended on input line 1353.
Package xcolor Info: Model `HTML' substituted by `rgb' on input line 1355.
Package xcolor Info: Model `Hsb' substituted by `hsb' on input line 1356.
Package xcolor Info: Model `tHsb' substituted by `hsb' on input line 1357.
Package xcolor Info: Model `HSB' substituted by `hsb' on input line 1358.
Package xcolor Info: Model `Gray' substituted by `gray' on input line 1359.
Package xcolor Info: Model `wave' substituted by `hsb' on input line 1360.
)
(/usr/local/texlive/2015/texmf-dist/tex/latex/listings/lstlang1.sty
File: lstlang1.sty 2014/09/06 1.5e listings language file
)
(/usr/local/texlive/2015/texmf-dist/tex/latex/listings/lstlang2.sty
File: lstlang2.sty 2014/09/06 1.5e listings language file
))
(./glossary.sty
Package: glossary 2006/07/20 2.4 (NLCT)
 (/usr/local/texlive/2015/texmf-dist/tex/latex/base/ifthen.sty
Package: ifthen 2014/09/29 v1.1c Standard LaTeX ifthen package (DPC)
)
\gls@cols=\count139

No configuration file glossary.cfg found
(/usr/local/texlive/2015/texmf-dist/tex/latex/tools/longtable.sty
Package: longtable 2014/10/28 v4.11 Multi-page Table package (DPC)
\LTleft=\skip66
\LTright=\skip67
\LTpre=\skip68
\LTpost=\skip69
\LTchunksize=\count140
\LTcapwidth=\dimen148
\LT@head=\box56
\LT@firsthead=\box57
\LT@foot=\box58
\LT@lastfoot=\box59
\LT@cols=\count141
\LT@rows=\count142
\c@LT@tables=\count143
\c@LT@chunks=\count144
\LT@p@ftn=\toks26
)
\descriptionwidth=\skip70
\istfile=\write3
)
\@glossaryfile=\write4
\openout4 = `main.glo'.


Writing glossary file main.glo 
(./glossario/termini.tex) (./main.aux)
\openout1 = `main.aux'.

LaTeX Font Info:    Checking defaults for OML/cmm/m/it on input line 66.
LaTeX Font Info:    ... okay on input line 66.
LaTeX Font Info:    Checking defaults for T1/cmr/m/n on input line 66.
LaTeX Font Info:    ... okay on input line 66.
LaTeX Font Info:    Checking defaults for OT1/cmr/m/n on input line 66.
LaTeX Font Info:    ... okay on input line 66.
LaTeX Font Info:    Checking defaults for OMS/cmsy/m/n on input line 66.
LaTeX Font Info:    ... okay on input line 66.
LaTeX Font Info:    Checking defaults for OMX/cmex/m/n on input line 66.
LaTeX Font Info:    ... okay on input line 66.
LaTeX Font Info:    Checking defaults for U/cmr/m/n on input line 66.
LaTeX Font Info:    ... okay on input line 66.
LaTeX Font Info:    Checking defaults for PD1/pdf/m/n on input line 66.
LaTeX Font Info:    ... okay on input line 66.

(/usr/local/texlive/2015/texmf-dist/tex/context/base/supp-pdf.mkii
[Loading MPS to PDF converter (version 2006.09.02).]
\scratchcounter=\count145
\scratchdimen=\dimen149
\scratchbox=\box60
\nofMPsegments=\count146
\nofMParguments=\count147
\everyMPshowfont=\toks27
\MPscratchCnt=\count148
\MPscratchDim=\dimen150
\MPnumerator=\count149
\makeMPintoPDFobject=\count150
\everyMPtoPDFconversion=\toks28
) (/usr/local/texlive/2015/texmf-dist/tex/latex/oberdiek/epstopdf-base.sty
Package: epstopdf-base 2010/02/09 v2.5 Base part for package epstopdf

(/usr/local/texlive/2015/texmf-dist/tex/latex/oberdiek/grfext.sty
Package: grfext 2010/08/19 v1.1 Manage graphics extensions (HO)
)
Package grfext Info: Graphics extension search list:
(grfext)             [.png,.pdf,.jpg,.mps,.jpeg,.jbig2,.jb2,.PNG,.PDF,.JPG,.JPE
G,.JBIG2,.JB2,.eps]
(grfext)             \AppendGraphicsExtensions on input line 452.

(/usr/local/texlive/2015/texmf-dist/tex/latex/latexconfig/epstopdf-sys.cfg
File: epstopdf-sys.cfg 2010/07/13 v1.3 Configuration of (r)epstopdf for TeX Liv
e
))
LaTeX Info: Redefining \it@ocap on input line 66.
LaTeX Info: Redefining \it@ccap on input line 66.


File italian.ldf warning: 
italian.ldf    With OT1 encoding guillemets are poorly faked
italian.ldf    Use T1 encoding
italian.ldf    or specify a font with command \CaporaliFrom
italian.ldf    See the documentation concerning the babel-italian typesetting 
italian.ldf    on input line 66.

Package caption Info: Begin \AtBeginDocument code.
Package caption Info: hyperref package is loaded.
Package caption Info: listings package is loaded.
Package caption Info: longtable package is loaded.
(/usr/local/texlive/2015/texmf-dist/tex/latex/caption/ltcaption.sty
Package: ltcaption 2013/02/03 v1.3-62 longtable captions (AR)
)
Package caption Info: subfigure package is loaded.
Package caption Info: End \AtBeginDocument code.
\AtBeginShipoutBox=\box61
Package hyperref Info: Link coloring OFF on input line 66.

(/usr/local/texlive/2015/texmf-dist/tex/latex/hyperref/nameref.sty
Package: nameref 2012/10/27 v2.43 Cross-referencing by name of section

(/usr/local/texlive/2015/texmf-dist/tex/generic/oberdiek/gettitlestring.sty
Package: gettitlestring 2010/12/03 v1.4 Cleanup title references (HO)
)
\c@section@level=\count151
)
LaTeX Info: Redefining \ref on input line 66.
LaTeX Info: Redefining \pageref on input line 66.
LaTeX Info: Redefining \nameref on input line 66.

(./main.out) (./main.out)
\@outlinefile=\write5
\openout5 = `main.out'.

\c@lstlisting=\count152

Title page
\centeroffset=\skip71
<logo.jpg, id=385, 451.6875pt x 75.28125pt>
File: logo.jpg Graphic file (type jpg)
 <use logo.jpg>
Package pdftex.def Info: logo.jpg used on input line 70.
(pdftex.def)             Requested size: 451.68639pt x 75.28105pt.

Overfull \hbox (24.69781pt too wide) in paragraph at lines 70--70
 [] 
 []

LaTeX Font Info:    Try loading font information for U+msa on input line 70.
(/usr/local/texlive/2015/texmf-dist/tex/latex/amsfonts/umsa.fd
File: umsa.fd 2013/01/14 v3.01 AMS symbols A
)
LaTeX Font Info:    Try loading font information for U+msb on input line 70.

(/usr/local/texlive/2015/texmf-dist/tex/latex/amsfonts/umsb.fd
File: umsb.fd 2013/01/14 v3.01 AMS symbols B
)
LaTeX Font Info:    Try loading font information for U+lasy on input line 70.

(/usr/local/texlive/2015/texmf-dist/tex/latex/base/ulasy.fd
File: ulasy.fd 1998/08/17 v2.2e LaTeX symbol font definitions
) [1

\openout3 = `main.ist'.

{/usr/local/texlive/2015/texmf-var/fonts/map/pdftex/updmap/pdftex.map} <./logo.
jpg>] [2


]
(./main.toc [3


] [4] [5])
\tf@toc=\write6
\openout6 = `main.toc'.

 [6] (./capitoli/capitolo1.tex
Capitolo 1.
LaTeX Font Info:    Try loading font information for OT1+phv on input line 1.
(/usr/local/texlive/2015/texmf-dist/tex/latex/psnfss/ot1phv.fd
File: ot1phv.fd 2001/06/04 scalable font definitions for OT1/phv.
)
LaTeX Font Info:    Try loading font information for OT1+ptm on input line 1.

(/usr/local/texlive/2015/texmf-dist/tex/latex/psnfss/ot1ptm.fd
File: ot1ptm.fd 2001/06/04 font definitions for OT1/ptm.
))
(./capitoli/capitolo2.tex [7


]
Capitolo 2.
<capitoli/imgs/BigFixManifest.png, id=529, 1270.7475pt x 577.15625pt>
File: capitoli/imgs/BigFixManifest.png Graphic file (type png)

<use capitoli/imgs/BigFixManifest.png>
Package pdftex.def Info: capitoli/imgs/BigFixManifest.png used on input line 7.

(pdftex.def)             Requested size: 426.98857pt x 193.93198pt.


LaTeX Warning: `!h' float specifier changed to `!ht'.

<capitoli/imgs/IEMArchitecture.png, id=531, 794.97pt x 614.295pt>
File: capitoli/imgs/IEMArchitecture.png Graphic file (type png)

<use capitoli/imgs/IEMArchitecture.png>
Package pdftex.def Info: capitoli/imgs/IEMArchitecture.png used on input line 1
6.
(pdftex.def)             Requested size: 426.98857pt x 329.95216pt.


LaTeX Warning: `!h' float specifier changed to `!ht'.

[8

] [9 <./capitoli/imgs/BigFixManifest.png>] [10 <./capitoli/imgs/IEMArchitecture
.png>] [11] [12] [13] [14]
<capitoli/imgs/GitLabGraph.PNG, id=585, 1019.30812pt x 316.18124pt>
File: capitoli/imgs/GitLabGraph.PNG Graphic file (type png)

<use capitoli/imgs/GitLabGraph.PNG>
Package pdftex.def Info: capitoli/imgs/GitLabGraph.PNG used on input line 80.
(pdftex.def)             Requested size: 426.98857pt x 132.44785pt.

<capitoli/imgs/rtc2.png, id=586, 286.06876pt x 168.63pt>
File: capitoli/imgs/rtc2.png Graphic file (type png)

<use capitoli/imgs/rtc2.png>
Package pdftex.def Info: capitoli/imgs/rtc2.png used on input line 89.
(pdftex.def)             Requested size: 213.49428pt x 125.84949pt.


LaTeX Warning: `h' float specifier changed to `ht'.

) (./capitoli/capitolo3.tex [15 <./capitoli/imgs/GitLabGraph.PNG>] [16 <./capit
oli/imgs/rtc2.png>]
Capitolo 3.
<capitoli/imgs/CloudComputing.png, id=601, 996.72375pt x 902.37125pt>
File: capitoli/imgs/CloudComputing.png Graphic file (type png)

<use capitoli/imgs/CloudComputing.png>
Package pdftex.def Info: capitoli/imgs/CloudComputing.png used on input line 9.

(pdftex.def)             Requested size: 213.49428pt x 193.27628pt.
LaTeX Font Info:    Try loading font information for OMS+cmr on input line 15.

(/usr/local/texlive/2015/texmf-dist/tex/latex/base/omscmr.fd
File: omscmr.fd 2014/09/29 v2.5h Standard LaTeX font definitions
)
LaTeX Font Info:    Font shape `OMS/cmr/m/n' in size <12> not available
(Font)              Font shape `OMS/cmsy/m/n' tried instead on input line 15.
 [17

] [18 <./capitoli/imgs/CloudComputing.png>]
<capitoli/imgs/TipologieCloud.png, id=615, 1200.485pt x 394.47375pt>
File: capitoli/imgs/TipologieCloud.png Graphic file (type png)

<use capitoli/imgs/TipologieCloud.png>
Package pdftex.def Info: capitoli/imgs/TipologieCloud.png used on input line 32
.
(pdftex.def)             Requested size: 298.89069pt x 98.2149pt.
 [19] [20 <./capitoli/imgs/TipologieCloud.png>] <capitoli/imgs/catalog.png, id=
629, 910.40125pt x 568.1225pt>
File: capitoli/imgs/catalog.png Graphic file (type png)

<use capitoli/imgs/catalog.png>
Package pdftex.def Info: capitoli/imgs/catalog.png used on input line 58.
(pdftex.def)             Requested size: 426.98857pt x 266.4628pt.


LaTeX Warning: `!h' float specifier changed to `!ht'.

<capitoli/imgs/watson.png, id=630, 931.48pt x 627.34375pt>
File: capitoli/imgs/watson.png Graphic file (type png)

<use capitoli/imgs/watson.png>
Package pdftex.def Info: capitoli/imgs/watson.png used on input line 65.
(pdftex.def)             Requested size: 426.98857pt x 287.56694pt.


LaTeX Warning: `!h' float specifier changed to `!ht'.

[21] [22 <./capitoli/imgs/catalog.png>] [23 <./capitoli/imgs/watson.png>]
[24] <capitoli/imgs/cloudstacks.png, id=665, 484.81125pt x 334.24875pt>
File: capitoli/imgs/cloudstacks.png Graphic file (type png)

<use capitoli/imgs/cloudstacks.png>
Package pdftex.def Info: capitoli/imgs/cloudstacks.png used on input line 99.
(pdftex.def)             Requested size: 298.89069pt x 206.07942pt.
 [25 <./capitoli/imgs/cloudstacks.png>])
(./capitoli/capitolo4.tex [26]
Capitolo 4.
[27

] [28] [29] [30]) (./capitoli/capitolo5.tex [31]
Capitolo 5.
[32

] <capitoli/imgs/disegnoMicrosMonol.png, id=715, 602.25pt x 283.0575pt>
File: capitoli/imgs/disegnoMicrosMonol.png Graphic file (type png)

<use capitoli/imgs/disegnoMicrosMonol.png>
Package pdftex.def Info: capitoli/imgs/disegnoMicrosMonol.png used on input lin
e 15.
(pdftex.def)             Requested size: 426.98857pt x 200.69147pt.
 [33 <./capitoli/imgs/disegnoMicrosMonol.png>] <capitoli/imgs/monosvmicro.png, 
id=721, 903.375pt x 508.14844pt>
File: capitoli/imgs/monosvmicro.png Graphic file (type png)

<use capitoli/imgs/monosvmicro.png>
Package pdftex.def Info: capitoli/imgs/monosvmicro.png used on input line 32.
(pdftex.def)             Requested size: 426.98857pt x 240.18669pt.


LaTeX Warning: `!h' float specifier changed to `!ht'.

[34] [35 <./capitoli/imgs/monosvmicro.png>]
<capitoli/imgs/spostamentocontainer.png, id=732, 602.25pt x 327.2225pt>
File: capitoli/imgs/spostamentocontainer.png Graphic file (type png)

<use capitoli/imgs/spostamentocontainer.png>
Package pdftex.def Info: capitoli/imgs/spostamentocontainer.png used on input l
ine 74.
(pdftex.def)             Requested size: 426.98857pt x 232.00505pt.
 [36] [37 <./capitoli/imgs/spostamentocontainer.png>]
<capitoli/imgs/container.PNG, id=746, 341.77687pt x 188.95593pt>
File: capitoli/imgs/container.PNG Graphic file (type png)

<use capitoli/imgs/container.PNG>
Package pdftex.def Info: capitoli/imgs/container.PNG used on input line 87.
(pdftex.def)             Requested size: 426.98857pt x 236.08186pt.
 [38 <./capitoli/imgs/container.PNG>]
<capitoli/imgs/ContainersvsVms.PNG, id=754, 701.62125pt x 328.22626pt>
File: capitoli/imgs/ContainersvsVms.PNG Graphic file (type png)

<use capitoli/imgs/ContainersvsVms.PNG>
Package pdftex.def Info: capitoli/imgs/ContainersvsVms.PNG used on input line 9
9.
(pdftex.def)             Requested size: 426.98857pt x 199.75696pt.
 [39 <./capitoli/imgs/ContainersvsVms.PNG>] <capitoli/imgs/docker.png, id=761, 
794.97pt x 269.3262pt>
File: capitoli/imgs/docker.png Graphic file (type png)

<use capitoli/imgs/docker.png>
Package pdftex.def Info: capitoli/imgs/docker.png used on input line 126.
(pdftex.def)             Requested size: 426.98857pt x 144.66138pt.


LaTeX Warning: `!h' float specifier changed to `!ht'.

[40] <capitoli/imgs/dockerThinking.png, id=767, 493.845pt x 386.44376pt>
File: capitoli/imgs/dockerThinking.png Graphic file (type png)

<use capitoli/imgs/dockerThinking.png>
Package pdftex.def Info: capitoli/imgs/dockerThinking.png used on input line 14
6.
(pdftex.def)             Requested size: 426.98857pt x 334.12183pt.


LaTeX Warning: `!h' float specifier changed to `!ht'.

<capitoli/imgs/architecturedocker.png, id=768, 766.5pt x 400.77pt>
File: capitoli/imgs/architecturedocker.png Graphic file (type png)

<use capitoli/imgs/architecturedocker.png>
Package pdftex.def Info: capitoli/imgs/architecturedocker.png used on input lin
e 154.
(pdftex.def)             Requested size: 426.98857pt x 223.26166pt.


LaTeX Warning: `!h' float specifier changed to `!ht'.

[41 <./capitoli/imgs/docker.png>] [42 <./capitoli/imgs/dockerThinking.png (PNG 
copy)>] [43 <./capitoli/imgs/architecturedocker.png>]
<capitoli/imgs/kubernetes_full.png, id=791, 602.25pt x 147.55125pt>
File: capitoli/imgs/kubernetes_full.png Graphic file (type png)

<use capitoli/imgs/kubernetes_full.png>
Package pdftex.def Info: capitoli/imgs/kubernetes_full.png used on input line 1
80.
(pdftex.def)             Requested size: 426.98857pt x 104.61575pt.
 [44 <./capitoli/imgs/kubernetes_full.png>] <capitoli/imgs/kubernetes-diagram.p
ng, id=801, 905.3825pt x 417.56pt>
File: capitoli/imgs/kubernetes-diagram.png Graphic file (type png)

<use capitoli/imgs/kubernetes-diagram.png>
Package pdftex.def Info: capitoli/imgs/kubernetes-diagram.png used on input lin
e 195.
(pdftex.def)             Requested size: 426.98857pt x 196.92221pt.

<capitoli/imgs/kubernetesarchitetcture.png, id=802, 827.09pt x 438.63875pt>
File: capitoli/imgs/kubernetesarchitetcture.png Graphic file (type png)

<use capitoli/imgs/kubernetesarchitetcture.png>
Package pdftex.def Info: capitoli/imgs/kubernetesarchitetcture.png used on inpu
t line 205.
(pdftex.def)             Requested size: 426.98857pt x 226.45364pt.


LaTeX Warning: `!h' float specifier changed to `!ht'.

[45 <./capitoli/imgs/kubernetes-diagram.png>] [46 <./capitoli/imgs/kubernetesar
chitetcture.png (PNG copy)>]
<capitoli/imgs/multitenancy.png, id=816, 291.0875pt x 196.735pt>
File: capitoli/imgs/multitenancy.png Graphic file (type png)

<use capitoli/imgs/multitenancy.png>
Package pdftex.def Info: capitoli/imgs/multitenancy.png used on input line 232.

(pdftex.def)             Requested size: 298.89069pt x 202.0239pt.


LaTeX Warning: `!h' float specifier changed to `!ht'.

[47] <capitoli/imgs/Devops.png, id=823, 544.0325pt x 493.845pt>
File: capitoli/imgs/Devops.png Graphic file (type png)

<use capitoli/imgs/Devops.png>
Package pdftex.def Info: capitoli/imgs/Devops.png used on input line 255.
(pdftex.def)             Requested size: 213.49428pt x 193.80444pt.
 [48 <./capitoli/imgs/multitenancy.png>] [49 <./capitoli/imgs/Devops.png>]
<capitoli/imgs/prometheuslogo.png, id=840, 1567.8575pt x 477.785pt>
File: capitoli/imgs/prometheuslogo.png Graphic file (type png)

<use capitoli/imgs/prometheuslogo.png>
Package pdftex.def Info: capitoli/imgs/prometheuslogo.png used on input line 27
1.
(pdftex.def)             Requested size: 213.49428pt x 65.05954pt.


LaTeX Warning: `!h' float specifier changed to `!ht'.

[50] <capitoli/imgs/grafanalogo.png, id=847, 200.75pt x 200.75pt>
File: capitoli/imgs/grafanalogo.png Graphic file (type png)

<use capitoli/imgs/grafanalogo.png>
Package pdftex.def Info: capitoli/imgs/grafanalogo.png used on input line 286.
(pdftex.def)             Requested size: 128.09787pt x 128.10583pt.

<capitoli/imgs/grafanainterface.PNG, id=848, 556.32843pt x 339.51843pt>
File: capitoli/imgs/grafanainterface.PNG Graphic file (type png)

<use capitoli/imgs/grafanainterface.PNG>
Package pdftex.def Info: capitoli/imgs/grafanainterface.PNG used on input line 
292.
(pdftex.def)             Requested size: 298.89069pt x 182.40988pt.


LaTeX Warning: `!h' float specifier changed to `!ht'.

<capitoli/imgs/bluemixlogo.png, id=849, 803.0pt x 297.11pt>
File: capitoli/imgs/bluemixlogo.png Graphic file (type png)

<use capitoli/imgs/bluemixlogo.png>
Package pdftex.def Info: capitoli/imgs/bluemixlogo.png used on input line 298.
(pdftex.def)             Requested size: 298.89069pt x 110.59087pt.
 [51 <./capitoli/imgs/prometheuslogo.png (PNG copy)> <./capitoli/imgs/grafanalo
go.png (PNG copy)>])
(./capitoli/capitolo6.tex [52 <./capitoli/imgs/grafanainterface.PNG> <./capitol
i/imgs/bluemixlogo.png>] [53]
Capitolo 6.
<capitoli/imgs/Design-Thinking.png, id=870, 747.79375pt x 261.97874pt>
File: capitoli/imgs/Design-Thinking.png Graphic file (type png)

<use capitoli/imgs/Design-Thinking.png>
Package pdftex.def Info: capitoli/imgs/Design-Thinking.png used on input line 1
1.
(pdftex.def)             Requested size: 426.98857pt x 149.58926pt.
 [54

] [55 <./capitoli/imgs/Design-Thinking.png (PNG copy)>]
<capitoli/imgs/StakeholderMap.PNG, id=882, 855.94781pt x 455.45157pt>
File: capitoli/imgs/StakeholderMap.PNG Graphic file (type png)

<use capitoli/imgs/StakeholderMap.PNG>
Package pdftex.def Info: capitoli/imgs/StakeholderMap.PNG used on input line 33
.
(pdftex.def)             Requested size: 426.98857pt x 227.19705pt.


LaTeX Warning: `!h' float specifier changed to `!ht'.

[56] [57 <./capitoli/imgs/StakeholderMap.PNG>] [58]
<capitoli/imgs/empatymap.png, id=901, 721.94719pt x 356.83313pt>
File: capitoli/imgs/empatymap.png Graphic file (type png)

<use capitoli/imgs/empatymap.png>
Package pdftex.def Info: capitoli/imgs/empatymap.png used on input line 70.
(pdftex.def)             Requested size: 298.89069pt x 147.72906pt.

<capitoli/imgs/HugoEM.PNG, id=902, 834.11626pt x 577.40718pt>
File: capitoli/imgs/HugoEM.PNG Graphic file (type png)

<use capitoli/imgs/HugoEM.PNG>
Package pdftex.def Info: capitoli/imgs/HugoEM.PNG used on input line 76.
(pdftex.def)             Requested size: 298.89069pt x 206.90608pt.


LaTeX Warning: `!h' float specifier changed to `!ht'.

<capitoli/imgs/scenarioRafael.PNG, id=903, 1160.08406pt x 572.89032pt>
File: capitoli/imgs/scenarioRafael.PNG Graphic file (type png)

<use capitoli/imgs/scenarioRafael.PNG>
Package pdftex.def Info: capitoli/imgs/scenarioRafael.PNG used on input line 85
.
(pdftex.def)             Requested size: 298.89069pt x 147.60176pt.


LaTeX Warning: `!h' float specifier changed to `!ht'.

<capitoli/imgs/schizzodesthink.PNG, id=904, 734.745pt x 192.72pt>
File: capitoli/imgs/schizzodesthink.PNG Graphic file (type png)

<use capitoli/imgs/schizzodesthink.PNG>
Package pdftex.def Info: capitoli/imgs/schizzodesthink.PNG used on input line 9
4.
(pdftex.def)             Requested size: 298.89069pt x 78.39816pt.


LaTeX Warning: `!h' float specifier changed to `!ht'.

<capitoli/imgs/scenario.PNG, id=905, 355.3275pt x 211.54031pt>
File: capitoli/imgs/scenario.PNG Graphic file (type png)

<use capitoli/imgs/scenario.PNG>
Package pdftex.def Info: capitoli/imgs/scenario.PNG used on input line 103.
(pdftex.def)             Requested size: 298.89069pt x 177.94763pt.
 [59 <./capitoli/imgs/empatymap.png>]

LaTeX Warning: Text page 60 contains only floats.

[60 <./capitoli/imgs/HugoEM.PNG> <./capitoli/imgs/scenarioRafael.PNG> <./capito
li/imgs/schizzodesthink.PNG>] [61 <./capitoli/imgs/scenario.PNG>] [62]
<capitoli/imgs/db2.PNG, id=939, 470.50781pt x 154.32657pt>
File: capitoli/imgs/db2.PNG Graphic file (type png)

<use capitoli/imgs/db2.PNG>
Package pdftex.def Info: capitoli/imgs/db2.PNG used on input line 125.
(pdftex.def)             Requested size: 426.98857pt x 140.05354pt.
 [63 <./capitoli/imgs/db2.PNG>] [64] [65]
<capitoli/imgs/BfsaasArchitecture.png, id=958, 1261.71375pt x 1499.6025pt>
File: capitoli/imgs/BfsaasArchitecture.png Graphic file (type png)

<use capitoli/imgs/BfsaasArchitecture.png>
Package pdftex.def Info: capitoli/imgs/BfsaasArchitecture.png used on input lin
e 165.
(pdftex.def)             Requested size: 426.98857pt x 507.50125pt.


LaTeX Warning: `!h' float specifier changed to `!ht'.

[66] [67 <./capitoli/imgs/BfsaasArchitecture.png>]
<capitoli/imgs/architectureUserViewpoint.png, id=972, 1643.13875pt x 1375.1375p
t>
File: capitoli/imgs/architectureUserViewpoint.png Graphic file (type png)
 <use capitoli/imgs/architectureUserViewpoint.png>
Package pdftex.def Info: capitoli/imgs/architectureUserViewpoint.png used on in
put line 184.
(pdftex.def)             Requested size: 426.98857pt x 357.33847pt.


LaTeX Warning: `!h' float specifier changed to `!ht'.

[68]) (./capitoli/capitolo7.tex [69 <./capitoli/imgs/architectureUserViewpoint.
png>] [70]
Capitolo 7.
[71

] <capitoli/imgs/ambientisviluppo.png, id=996, 284.06125pt x 166.6225pt>
File: capitoli/imgs/ambientisviluppo.png Graphic file (type png)

<use capitoli/imgs/ambientisviluppo.png>
Package pdftex.def Info: capitoli/imgs/ambientisviluppo.png used on input line 
11.
(pdftex.def)             Requested size: 298.89069pt x 175.3376pt.


LaTeX Warning: `!h' float specifier changed to `!ht'.

[72]
<capitoli/imgs/EnvironmentsComponentDiagram.png, id=1003, 1064.97874pt x 957.57
75pt>
File: capitoli/imgs/EnvironmentsComponentDiagram.png Graphic file (type png)
 <use capitoli/imgs/EnvironmentsComponentDiagram.png>
Package pdftex.def Info: capitoli/imgs/EnvironmentsComponentDiagram.png used on
 input line 26.
(pdftex.def)             Requested size: 341.59215pt x 307.1324pt.


LaTeX Warning: `!h' float specifier changed to `!ht'.

[73 <./capitoli/imgs/ambientisviluppo.png>] [74 <./capitoli/imgs/EnvironmentsCo
mponentDiagram.png>]
<capitoli/imgs/yaml.png, id=1020, 300.3722pt x 346.29375pt>
File: capitoli/imgs/yaml.png Graphic file (type png)

<use capitoli/imgs/yaml.png>
Package pdftex.def Info: capitoli/imgs/yaml.png used on input line 49.
(pdftex.def)             Requested size: 213.49428pt x 246.13976pt.
 [75] [76 <./capitoli/imgs/yaml.png>] [77] [78]
<capitoli/imgs/jenkisProj.png, id=1048, 955.31906pt x 405.01312pt>
File: capitoli/imgs/jenkisProj.png Graphic file (type png)

<use capitoli/imgs/jenkisProj.png>
Package pdftex.def Info: capitoli/imgs/jenkisProj.png used on input line 96.
(pdftex.def)             Requested size: 298.89069pt x 126.7146pt.


LaTeX Warning: `h' float specifier changed to `ht'.

[79] [80 <./capitoli/imgs/jenkisProj.png>]
<capitoli/imgs/ucd.png, id=1068, 168.63pt x 51.94406pt>
File: capitoli/imgs/ucd.png Graphic file (type png)

<use capitoli/imgs/ucd.png>
Package pdftex.def Info: capitoli/imgs/ucd.png used on input line 114.
(pdftex.def)             Requested size: 298.89069pt x 92.07095pt.

<capitoli/imgs/onbordingScenarioScheda.png, id=1069, 464.4853pt x 266.49562pt>
File: capitoli/imgs/onbordingScenarioScheda.png Graphic file (type png)

<use capitoli/imgs/onbordingScenarioScheda.png>
Package pdftex.def Info: capitoli/imgs/onbordingScenarioScheda.png used on inpu
t line 123.
(pdftex.def)             Requested size: 298.89069pt x 171.49188pt.
 [81 <./capitoli/imgs/ucd.png>]
<capitoli/imgs/saasForm.png, id=1078, 920.68968pt x 527.72156pt>
File: capitoli/imgs/saasForm.png Graphic file (type png)

<use capitoli/imgs/saasForm.png>
Package pdftex.def Info: capitoli/imgs/saasForm.png used on input line 131.
(pdftex.def)             Requested size: 298.89069pt x 171.32227pt.

<capitoli/imgs/kubedashboard.png, id=1080, 755.82375pt x 258.9675pt>
File: capitoli/imgs/kubedashboard.png Graphic file (type png)

<use capitoli/imgs/kubedashboard.png>
Package pdftex.def Info: capitoli/imgs/kubedashboard.png used on input line 143
.
(pdftex.def)             Requested size: 298.89069pt x 102.4076pt.
 [82 <./capitoli/imgs/onbordingScenarioScheda.png>] [83 <./capitoli/imgs/saasFo
rm.png> <./capitoli/imgs/kubedashboard.png>] [84] [85]
<capitoli/imgs/jutaaarchitecture.png, id=1115, 808.01875pt x 449.68pt>
File: capitoli/imgs/jutaaarchitecture.png Graphic file (type png)

<use capitoli/imgs/jutaaarchitecture.png>
Package pdftex.def Info: capitoli/imgs/jutaaarchitecture.png used on input line
 169.
(pdftex.def)             Requested size: 298.89069pt x 166.33781pt.
 [86 <./capitoli/imgs/jutaaarchitecture.png>] <capitoli/imgs/clair.png, id=1124
, 75.6426pt x 24.09pt>
File: capitoli/imgs/clair.png Graphic file (type png)

<use capitoli/imgs/clair.png>
Package pdftex.def Info: capitoli/imgs/clair.png used on input line 190.
(pdftex.def)             Requested size: 213.49428pt x 67.99329pt.


LaTeX Warning: `h' float specifier changed to `ht'.

<capitoli/imgs/ibm-appscan-logo.png, id=1125, 301.125pt x 150.5625pt>
File: capitoli/imgs/ibm-appscan-logo.png Graphic file (type png)

<use capitoli/imgs/ibm-appscan-logo.png>
Package pdftex.def Info: capitoli/imgs/ibm-appscan-logo.png used on input line 
198.
(pdftex.def)             Requested size: 213.49428pt x 106.75078pt.
 [87] [88 <./capitoli/imgs/clair.png> <./capitoli/imgs/ibm-appscan-logo.png>]
<capitoli/imgs/upgradescenarioScheda.png, id=1140, 459.21562pt x 289.83281pt>
File: capitoli/imgs/upgradescenarioScheda.png Graphic file (type png)

<use capitoli/imgs/upgradescenarioScheda.png>
Package pdftex.def Info: capitoli/imgs/upgradescenarioScheda.png used on input 
line 216.
(pdftex.def)             Requested size: 298.89069pt x 188.65443pt.


LaTeX Warning: `h' float specifier changed to `ht'.

[89]) (./capitoli/capitolo8.tex [90 <./capitoli/imgs/upgradescenarioScheda.png>
]
Capitolo 8.
) (./capitoli/capitolo9.tex [91

]
Capitolo 9.
)
No file main.bbl.
[92

]
No file main.gls.
(./appendici/tecnologie.tex
Appendice A.
<capitoli/imgs/LoadBalancer.png, id=1165, 642.4pt x 327.2225pt>
File: capitoli/imgs/LoadBalancer.png Graphic file (type png)

<use capitoli/imgs/LoadBalancer.png>
Package pdftex.def Info: capitoli/imgs/LoadBalancer.png used on input line 7.
(pdftex.def)             Requested size: 426.98857pt x 217.50037pt.
 [93

 <./capitoli/imgs/LoadBalancer.png>]
[94]) [95] [96

] [97


]

Package caption Warning: Unused \captionsetup[lstlisting] on input line 35.
See the caption package documentation for explanation.

Package atveryend Info: Empty hook `BeforeClearDocument' on input line 105.
Package atveryend Info: Empty hook `AfterLastShipout' on input line 105.
(./main.aux)
Package atveryend Info: Executing hook `AtVeryEndDocument' on input line 105.
Package atveryend Info: Executing hook `AtEndAfterFileList' on input line 105.
Package rerunfilecheck Info: File `main.out' has not changed.
(rerunfilecheck)             Checksum: 04327DDAC3DD9798898E46D730CEEB6E;6998.
 ) 
Here is how much of TeX's memory you used:
 11553 strings out of 493089
 169504 string characters out of 6134842
 524286 words of memory out of 5000000
 14383 multiletter control sequences out of 15000+600000
 14766 words of font info for 48 fonts, out of 8000000 for 9000
 1141 hyphenation exceptions out of 8191
 36i,7n,38p,1223b,483s stack positions out of 5000i,500n,10000p,200000b,80000s
{/usr/local/texlive/2015/texmf-dist/fonts/enc/dvips/base/8r.enc}</usr/local/t
exlive/2015/texmf-dist/fonts/type1/public/amsfonts/cm/cmbx12.pfb></usr/local/te
xlive/2015/texmf-dist/fonts/type1/public/amsfonts/cm/cmr12.pfb></usr/local/texl
ive/2015/texmf-dist/fonts/type1/public/amsfonts/cm/cmr17.pfb></usr/local/texliv
e/2015/texmf-dist/fonts/type1/public/amsfonts/cm/cmsy10.pfb></usr/local/texlive
/2015/texmf-dist/fonts/type1/public/amsfonts/cm/cmti12.pfb></usr/local/texlive/
2015/texmf-dist/fonts/type1/urw/helvetic/uhvr8a.pfb></usr/local/texlive/2015/te
xmf-dist/fonts/type1/urw/times/utmr8a.pfb>
Output written on main.pdf (97 pages, 6042410 bytes).
PDF statistics:
 1320 PDF objects out of 1440 (max. 8388607)
 1112 compressed objects within 12 object streams
 388 named destinations out of 1000 (max. 500000)
 1017 words of extra memory for PDF output out of 10000 (max. 10000000)

