\BOOKMARK [0][-]{chapter.1}{CapitoloEsempio}{}% 1
\BOOKMARK [0][-]{chapter.2}{Introduzione}{}% 2
\BOOKMARK [0][-]{chapter.3}{IBM BigFix}{}% 3
\BOOKMARK [1][-]{section.3.1}{BigFix}{chapter.3}% 4
\BOOKMARK [2][-]{subsection.3.1.1}{Architettura}{section.3.1}% 5
\BOOKMARK [2][-]{subsection.3.1.2}{BigFix Platform}{section.3.1}% 6
\BOOKMARK [2][-]{subsection.3.1.3}{BigFix Applications}{section.3.1}% 7
\BOOKMARK [2][-]{subsection.3.1.4}{Fixlets}{section.3.1}% 8
\BOOKMARK [1][-]{section.3.2}{IBM}{chapter.3}% 9
\BOOKMARK [1][-]{section.3.3}{Saas Exploration Project}{chapter.3}% 10
\BOOKMARK [2][-]{subsection.3.3.1}{Il framework SCRUM}{section.3.3}% 11
\BOOKMARK [2][-]{subsection.3.3.2}{Sistemi di controllo di versione}{section.3.3}% 12
\BOOKMARK [2][-]{subsection.3.3.3}{RTC}{section.3.3}% 13
\BOOKMARK [0][-]{chapter.4}{Software as a Service}{}% 14
\BOOKMARK [1][-]{section.4.1}{Cloud Computing}{chapter.4}% 15
\BOOKMARK [2][-]{subsection.4.1.1}{Vantaggi del Cloud Computing}{section.4.1}% 16
\BOOKMARK [1][-]{section.4.2}{Tipologie di servizi Cloud}{chapter.4}% 17
\BOOKMARK [2][-]{subsection.4.2.1}{IaaS, Infrastructure as a Service}{section.4.2}% 18
\BOOKMARK [2][-]{subsection.4.2.2}{DaaS, Data as a Service}{section.4.2}% 19
\BOOKMARK [2][-]{subsection.4.2.3}{PaaS, Platform as a Service}{section.4.2}% 20
\BOOKMARK [2][-]{subsection.4.2.4}{SaaS, Software as a Service}{section.4.2}% 21
\BOOKMARK [1][-]{section.4.3}{Confronto tra SaaS e On Premise}{chapter.4}% 22
\BOOKMARK [0][-]{appendix.Alph1}{Tecnologie Utilizzate}{}% 23
\BOOKMARK [1][-]{section.Alph1.1}{Linguaggi di programmazione}{appendix.Alph1}% 24
\BOOKMARK [1][-]{section.Alph1.2}{Linguaggi di Markup e Stile}{appendix.Alph1}% 25
\BOOKMARK [1][-]{section.Alph1.3}{Framework}{appendix.Alph1}% 26
\BOOKMARK [1][-]{section.Alph1.4}{Ambiente di Sviluppo}{appendix.Alph1}% 27
\BOOKMARK [2][-]{subsection.Alph1.4.1}{Eclipse}{section.Alph1.4}% 28
\BOOKMARK [2][-]{subsection.Alph1.4.2}{Piattaforma Web}{section.Alph1.4}% 29
\BOOKMARK [2][-]{subsection.Alph1.4.3}{Browser Testing}{section.Alph1.4}% 30
